[debug] [2022-01-18T22:17:09.186Z] ----------------------------------------------------------------------
[debug] [2022-01-18T22:17:09.187Z] Command:       /usr/local/bin/node /usr/local/bin/firebase init
[debug] [2022-01-18T22:17:09.187Z] CLI Version:   10.1.0
[debug] [2022-01-18T22:17:09.187Z] Platform:      darwin
[debug] [2022-01-18T22:17:09.187Z] Node Version:  v16.13.0
[debug] [2022-01-18T22:17:09.188Z] Time:          Tue Jan 18 2022 19:17:09 GMT-0300 (Horário Padrão de Brasília)
[debug] [2022-01-18T22:17:09.188Z] ----------------------------------------------------------------------
[debug] 
[debug] [2022-01-18T22:17:09.191Z] > command requires scopes: ["email","openid","https://www.googleapis.com/auth/cloudplatformprojects.readonly","https://www.googleapis.com/auth/firebase","https://www.googleapis.com/auth/cloud-platform"]
[debug] [2022-01-18T22:17:09.192Z] > authorizing via signed-in user (melare.nina@gmail.com)
[info] 
     ######## #### ########  ######## ########     ###     ######  ########
     ##        ##  ##     ## ##       ##     ##  ##   ##  ##       ##
     ######    ##  ########  ######   ########  #########  ######  ######
     ##        ##  ##    ##  ##       ##     ## ##     ##       ## ##
     ##       #### ##     ## ######## ########  ##     ##  ######  ########

You're about to initialize a Firebase project in this directory:

  /Users/marinamelare/Documents/IF/DSW/car-share

Before we get started, keep in mind:

  * You are currently outside your home directory

[info] 
=== Project Setup
[info] 
[info] First, let's associate this project directory with a Firebase project.
[info] You can create multiple project aliases by running firebase use --add, 
[info] but for now we'll just set up a default project.
[info] 
[debug] [2022-01-18T22:17:26.391Z] >>> [apiv2][query] GET https://firebase.googleapis.com/v1beta1/projects pageSize=100
[debug] [2022-01-18T22:17:27.709Z] <<< [apiv2][status] GET https://firebase.googleapis.com/v1beta1/projects 200
[debug] [2022-01-18T22:17:27.709Z] <<< [apiv2][body] GET https://firebase.googleapis.com/v1beta1/projects [omitted]
[info] i  Using project carshare-ifsp (CarShare) 
[info] 
=== Hosting Setup
[info] 
[info] Your public directory is the folder (relative to your project directory) that
[info] will contain Hosting assets to be uploaded with firebase deploy. If you
[info] have a build process for your assets, use your build's output directory.
[info] 
